su: ignoring --preserve-environment, it's mutually exclusive with --login

Attaching package: ‘bslib’

The following object is masked from ‘package:utils’:

    page

── Attaching core tidyverse packages ──────────────────────── tidyverse 2.0.0 ──
✔ dplyr     1.1.4     ✔ readr     2.1.5
✔ forcats   1.0.0     ✔ stringr   1.5.1
✔ ggplot2   3.5.2     ✔ tibble    3.2.1
✔ lubridate 1.9.4     ✔ tidyr     1.3.1
✔ purrr     1.0.4     
── Conflicts ────────────────────────────────────────── tidyverse_conflicts() ──
✖ dplyr::filter() masks stats::filter()
✖ dplyr::lag()    masks stats::lag()
ℹ Use the conflicted package (<http://conflicted.r-lib.org/>) to force all conflicts to become errors
Loading required package: showtextdb

Attaching package: ‘DT’

The following objects are masked from ‘package:shiny’:

    dataTableOutput, renderDataTable


Listening on http://127.0.0.1:36431
Terminated

